2024-10-17 18:37:02,167:WARNING:
'cuml' is a soft dependency and not included in the pycaret installation. Please run: `pip install cuml` to install.
2024-10-17 18:37:02,167:WARNING:
'cuml' is a soft dependency and not included in the pycaret installation. Please run: `pip install cuml` to install.
2024-10-17 18:37:02,167:WARNING:
'cuml' is a soft dependency and not included in the pycaret installation. Please run: `pip install cuml` to install.
2024-10-17 18:37:02,167:WARNING:
'cuml' is a soft dependency and not included in the pycaret installation. Please run: `pip install cuml` to install.
2024-10-17 18:37:07,785:INFO:PyCaret RegressionExperiment
2024-10-17 18:37:07,785:INFO:Logging name: charges_model
2024-10-17 18:37:07,785:INFO:ML Usecase: MLUsecase.REGRESSION
2024-10-17 18:37:07,785:INFO:version 3.3.2
2024-10-17 18:37:07,785:INFO:Initializing setup()
2024-10-17 18:37:07,785:INFO:self.USI: cad6
2024-10-17 18:37:07,785:INFO:self._variable_keys: {'seed', 'X', 'gpu_n_jobs_param', 'transform_target_param', 'pipeline', '_available_plots', 'log_plots_param', 'fold_groups_param', 'idx', 'data', 'fold_generator', 'USI', '_ml_usecase', 'html_param', 'y', 'target_param', 'exp_name_log', 'y_test', 'gpu_param', 'exp_id', 'y_train', 'fold_shuffle_param', 'logging_param', 'X_test', 'memory', 'X_train', 'n_jobs_param'}
2024-10-17 18:37:07,785:INFO:Checking environment
2024-10-17 18:37:07,785:INFO:python_version: 3.10.10
2024-10-17 18:37:07,785:INFO:python_build: ('tags/v3.10.10:aad5f6a', 'Feb  7 2023 17:20:36')
2024-10-17 18:37:07,785:INFO:machine: AMD64
2024-10-17 18:37:07,785:INFO:platform: Windows-10-10.0.19045-SP0
2024-10-17 18:37:07,787:INFO:Memory: svmem(total=34175172608, available=21342609408, percent=37.5, used=12832563200, free=21342609408)
2024-10-17 18:37:07,787:INFO:Physical Core: 16
2024-10-17 18:37:07,787:INFO:Logical Core: 24
2024-10-17 18:37:07,787:INFO:Checking libraries
2024-10-17 18:37:07,787:INFO:System:
2024-10-17 18:37:07,787:INFO:    python: 3.10.10 (tags/v3.10.10:aad5f6a, Feb  7 2023, 17:20:36) [MSC v.1929 64 bit (AMD64)]
2024-10-17 18:37:07,787:INFO:executable: c:\Users\Anime\Desktop\cientifica\.venv\Scripts\python.exe
2024-10-17 18:37:07,787:INFO:   machine: Windows-10-10.0.19045-SP0
2024-10-17 18:37:07,787:INFO:PyCaret required dependencies:
2024-10-17 18:37:07,802:INFO:                 pip: 24.2
2024-10-17 18:37:07,802:INFO:          setuptools: 65.5.0
2024-10-17 18:37:07,802:INFO:             pycaret: 3.3.2
2024-10-17 18:37:07,803:INFO:             IPython: 8.28.0
2024-10-17 18:37:07,803:INFO:          ipywidgets: 8.1.5
2024-10-17 18:37:07,803:INFO:                tqdm: 4.66.5
2024-10-17 18:37:07,803:INFO:               numpy: 1.26.4
2024-10-17 18:37:07,803:INFO:              pandas: 2.1.4
2024-10-17 18:37:07,803:INFO:              jinja2: 3.1.4
2024-10-17 18:37:07,803:INFO:               scipy: 1.11.4
2024-10-17 18:37:07,803:INFO:              joblib: 1.3.2
2024-10-17 18:37:07,803:INFO:             sklearn: 1.4.2
2024-10-17 18:37:07,803:INFO:                pyod: 2.0.2
2024-10-17 18:37:07,803:INFO:            imblearn: 0.12.4
2024-10-17 18:37:07,803:INFO:   category_encoders: 2.6.4
2024-10-17 18:37:07,803:INFO:            lightgbm: 4.5.0
2024-10-17 18:37:07,803:INFO:               numba: 0.60.0
2024-10-17 18:37:07,803:INFO:            requests: 2.32.3
2024-10-17 18:37:07,803:INFO:          matplotlib: 3.7.5
2024-10-17 18:37:07,803:INFO:          scikitplot: 0.3.7
2024-10-17 18:37:07,803:INFO:         yellowbrick: 1.5
2024-10-17 18:37:07,803:INFO:              plotly: 5.24.1
2024-10-17 18:37:07,803:INFO:    plotly-resampler: Not installed
2024-10-17 18:37:07,803:INFO:             kaleido: 0.2.1
2024-10-17 18:37:07,803:INFO:           schemdraw: 0.15
2024-10-17 18:37:07,803:INFO:         statsmodels: 0.14.4
2024-10-17 18:37:07,803:INFO:              sktime: 0.26.0
2024-10-17 18:37:07,803:INFO:               tbats: 1.1.3
2024-10-17 18:37:07,803:INFO:            pmdarima: 2.0.4
2024-10-17 18:37:07,803:INFO:              psutil: 6.0.0
2024-10-17 18:37:07,803:INFO:          markupsafe: 2.1.5
2024-10-17 18:37:07,803:INFO:             pickle5: Not installed
2024-10-17 18:37:07,803:INFO:         cloudpickle: 3.1.0
2024-10-17 18:37:07,803:INFO:         deprecation: 2.1.0
2024-10-17 18:37:07,803:INFO:              xxhash: 3.5.0
2024-10-17 18:37:07,803:INFO:           wurlitzer: Not installed
2024-10-17 18:37:07,803:INFO:PyCaret optional dependencies:
