2024-10-02 08:29:50,553:WARNING:
'cuml' is a soft dependency and not included in the pycaret installation. Please run: `pip install cuml` to install.
2024-10-02 08:29:50,553:WARNING:
'cuml' is a soft dependency and not included in the pycaret installation. Please run: `pip install cuml` to install.
2024-10-02 08:29:50,553:WARNING:
'cuml' is a soft dependency and not included in the pycaret installation. Please run: `pip install cuml` to install.
2024-10-02 08:29:50,553:WARNING:
'cuml' is a soft dependency and not included in the pycaret installation. Please run: `pip install cuml` to install.
2024-10-02 08:59:43,817:INFO:PyCaret RegressionExperiment
2024-10-02 08:59:43,817:INFO:Logging name: reg-default-name
2024-10-02 08:59:43,818:INFO:ML Usecase: MLUsecase.REGRESSION
2024-10-02 08:59:43,818:INFO:version 3.3.2
2024-10-02 08:59:43,818:INFO:Initializing setup()
2024-10-02 08:59:43,818:INFO:self.USI: 822d
2024-10-02 08:59:43,818:INFO:self._variable_keys: {'_ml_usecase', 'target_param', 'seed', 'n_jobs_param', 'fold_groups_param', 'y', 'memory', '_available_plots', 'exp_id', 'X_train', 'log_plots_param', 'html_param', 'gpu_n_jobs_param', 'y_test', 'y_train', 'pipeline', 'X_test', 'exp_name_log', 'fold_shuffle_param', 'gpu_param', 'logging_param', 'X', 'data', 'fold_generator', 'transform_target_param', 'USI', 'idx'}
2024-10-02 08:59:43,818:INFO:Checking environment
2024-10-02 08:59:43,818:INFO:python_version: 3.11.9
2024-10-02 08:59:43,818:INFO:python_build: ('main', 'Sep 27 2024 13:19:13')
2024-10-02 08:59:43,819:INFO:machine: x86_64
2024-10-02 08:59:43,819:INFO:platform: Linux-6.10.8-arch1-1-x86_64-with-glibc2.40
2024-10-02 08:59:43,819:INFO:Memory: svmem(total=7996641280, available=2708979712, percent=66.1, used=4159524864, free=967045120, active=3368402944, inactive=1926098944, buffers=42897408, cached=2827173888, shared=794136576, slab=375009280)
2024-10-02 08:59:43,820:INFO:Physical Core: 4
2024-10-02 08:59:43,820:INFO:Logical Core: 8
2024-10-02 08:59:43,820:INFO:Checking libraries
2024-10-02 08:59:43,820:INFO:System:
2024-10-02 08:59:43,820:INFO:    python: 3.11.9 (main, Sep 27 2024, 13:19:13) [GCC 14.2.1 20240805]
2024-10-02 08:59:43,820:INFO:executable: /home/anime/Desktop/cientifica/.venv/bin/python
2024-10-02 08:59:43,820:INFO:   machine: Linux-6.10.8-arch1-1-x86_64-with-glibc2.40
2024-10-02 08:59:43,820:INFO:PyCaret required dependencies:
2024-10-02 08:59:43,877:INFO:                 pip: 24.2
2024-10-02 08:59:43,877:INFO:          setuptools: 75.1.0
2024-10-02 08:59:43,877:INFO:             pycaret: 3.3.2
2024-10-02 08:59:43,877:INFO:             IPython: 8.27.0
2024-10-02 08:59:43,877:INFO:          ipywidgets: 8.1.5
2024-10-02 08:59:43,877:INFO:                tqdm: 4.66.5
2024-10-02 08:59:43,877:INFO:               numpy: 1.26.4
2024-10-02 08:59:43,877:INFO:              pandas: 2.1.4
2024-10-02 08:59:43,877:INFO:              jinja2: 3.1.4
2024-10-02 08:59:43,877:INFO:               scipy: 1.11.4
2024-10-02 08:59:43,877:INFO:              joblib: 1.3.2
2024-10-02 08:59:43,877:INFO:             sklearn: 1.4.2
2024-10-02 08:59:43,877:INFO:                pyod: 2.0.2
2024-10-02 08:59:43,877:INFO:            imblearn: 0.12.3
2024-10-02 08:59:43,877:INFO:   category_encoders: 2.6.3
2024-10-02 08:59:43,877:INFO:            lightgbm: 4.5.0
2024-10-02 08:59:43,877:INFO:               numba: 0.60.0
2024-10-02 08:59:43,877:INFO:            requests: 2.32.3
2024-10-02 08:59:43,877:INFO:          matplotlib: 3.7.5
2024-10-02 08:59:43,877:INFO:          scikitplot: 0.3.7
2024-10-02 08:59:43,877:INFO:         yellowbrick: 1.5
2024-10-02 08:59:43,877:INFO:              plotly: 5.24.1
2024-10-02 08:59:43,877:INFO:    plotly-resampler: Not installed
2024-10-02 08:59:43,877:INFO:             kaleido: 0.2.1
2024-10-02 08:59:43,877:INFO:           schemdraw: 0.15
2024-10-02 08:59:43,877:INFO:         statsmodels: 0.14.3
2024-10-02 08:59:43,877:INFO:              sktime: 0.26.0
2024-10-02 08:59:43,877:INFO:               tbats: 1.1.3
2024-10-02 08:59:43,877:INFO:            pmdarima: 2.0.4
2024-10-02 08:59:43,877:INFO:              psutil: 6.0.0
2024-10-02 08:59:43,877:INFO:          markupsafe: 2.1.5
2024-10-02 08:59:43,877:INFO:             pickle5: Not installed
2024-10-02 08:59:43,877:INFO:         cloudpickle: 3.0.0
2024-10-02 08:59:43,877:INFO:         deprecation: 2.1.0
2024-10-02 08:59:43,877:INFO:              xxhash: 3.5.0
2024-10-02 08:59:43,877:INFO:           wurlitzer: 3.1.1
2024-10-02 08:59:43,877:INFO:PyCaret optional dependencies:
2024-10-02 08:59:43,885:INFO:                shap: Not installed
2024-10-02 08:59:43,885:INFO:           interpret: Not installed
2024-10-02 08:59:43,885:INFO:                umap: Not installed
2024-10-02 08:59:43,885:INFO:     ydata_profiling: 4.10.0
2024-10-02 08:59:43,885:INFO:  explainerdashboard: Not installed
2024-10-02 08:59:43,885:INFO:             autoviz: Not installed
2024-10-02 08:59:43,885:INFO:           fairlearn: Not installed
2024-10-02 08:59:43,885:INFO:          deepchecks: Not installed
2024-10-02 08:59:43,885:INFO:             xgboost: Not installed
2024-10-02 08:59:43,885:INFO:            catboost: Not installed
2024-10-02 08:59:43,885:INFO:              kmodes: Not installed
2024-10-02 08:59:43,885:INFO:             mlxtend: Not installed
2024-10-02 08:59:43,885:INFO:       statsforecast: Not installed
2024-10-02 08:59:43,885:INFO:        tune_sklearn: Not installed
2024-10-02 08:59:43,885:INFO:                 ray: Not installed
2024-10-02 08:59:43,885:INFO:            hyperopt: Not installed
2024-10-02 08:59:43,885:INFO:              optuna: Not installed
2024-10-02 08:59:43,885:INFO:               skopt: Not installed
2024-10-02 08:59:43,885:INFO:              mlflow: Not installed
2024-10-02 08:59:43,885:INFO:              gradio: Not installed
2024-10-02 08:59:43,885:INFO:             fastapi: Not installed
2024-10-02 08:59:43,885:INFO:             uvicorn: Not installed
2024-10-02 08:59:43,885:INFO:              m2cgen: Not installed
2024-10-02 08:59:43,886:INFO:           evidently: Not installed
2024-10-02 08:59:43,886:INFO:               fugue: Not installed
2024-10-02 08:59:43,886:INFO:           streamlit: Not installed
2024-10-02 08:59:43,886:INFO:             prophet: Not installed
2024-10-02 08:59:43,886:INFO:None
2024-10-02 08:59:43,886:INFO:Set up data.
2024-10-02 08:59:43,918:INFO:Set up folding strategy.
2024-10-02 08:59:43,919:INFO:Set up train/test split.
2024-10-02 08:59:43,927:INFO:Set up index.
2024-10-02 08:59:43,927:INFO:Assigning column types.
2024-10-02 08:59:43,930:INFO:Engine successfully changes for model 'lr' to 'sklearn'.
2024-10-02 08:59:43,931:INFO:Engine for model 'lasso' has not been set explicitly, hence returning None.
2024-10-02 08:59:43,934:INFO:Engine for model 'ridge' has not been set explicitly, hence returning None.
2024-10-02 08:59:43,938:INFO:Engine for model 'en' has not been set explicitly, hence returning None.
2024-10-02 08:59:43,980:INFO:Engine for model 'svm' has not been set explicitly, hence returning None.
2024-10-02 08:59:44,010:INFO:Engine for model 'knn' has not been set explicitly, hence returning None.
2024-10-02 08:59:44,011:WARNING:
'xgboost' is a soft dependency and not included in the pycaret installation. Please run: `pip install xgboost` to install.
Alternately, you can install this by running `pip install pycaret[models]`
2024-10-02 08:59:44,012:WARNING:
'catboost' is a soft dependency and not included in the pycaret installation. Please run: `pip install catboost` to install.
Alternately, you can install this by running `pip install pycaret[models]`
2024-10-02 08:59:44,012:INFO:Engine for model 'lasso' has not been set explicitly, hence returning None.
2024-10-02 08:59:44,015:INFO:Engine for model 'ridge' has not been set explicitly, hence returning None.
2024-10-02 08:59:44,018:INFO:Engine for model 'en' has not been set explicitly, hence returning None.
2024-10-02 08:59:44,058:INFO:Engine for model 'svm' has not been set explicitly, hence returning None.
2024-10-02 08:59:44,089:INFO:Engine for model 'knn' has not been set explicitly, hence returning None.
2024-10-02 08:59:44,090:WARNING:
'xgboost' is a soft dependency and not included in the pycaret installation. Please run: `pip install xgboost` to install.
Alternately, you can install this by running `pip install pycaret[models]`
2024-10-02 08:59:44,090:WARNING:
'catboost' is a soft dependency and not included in the pycaret installation. Please run: `pip install catboost` to install.
Alternately, you can install this by running `pip install pycaret[models]`
2024-10-02 08:59:44,090:INFO:Engine successfully changes for model 'lasso' to 'sklearn'.
2024-10-02 08:59:44,093:INFO:Engine for model 'ridge' has not been set explicitly, hence returning None.
2024-10-02 08:59:44,096:INFO:Engine for model 'en' has not been set explicitly, hence returning None.
2024-10-02 08:59:44,134:INFO:Engine for model 'svm' has not been set explicitly, hence returning None.
2024-10-02 08:59:44,164:INFO:Engine for model 'knn' has not been set explicitly, hence returning None.
2024-10-02 08:59:44,164:WARNING:
'xgboost' is a soft dependency and not included in the pycaret installation. Please run: `pip install xgboost` to install.
Alternately, you can install this by running `pip install pycaret[models]`
2024-10-02 08:59:44,164:WARNING:
'catboost' is a soft dependency and not included in the pycaret installation. Please run: `pip install catboost` to install.
Alternately, you can install this by running `pip install pycaret[models]`
2024-10-02 08:59:44,167:INFO:Engine for model 'ridge' has not been set explicitly, hence returning None.
2024-10-02 08:59:44,171:INFO:Engine for model 'en' has not been set explicitly, hence returning None.
2024-10-02 08:59:44,209:INFO:Engine for model 'svm' has not been set explicitly, hence returning None.
2024-10-02 08:59:44,238:INFO:Engine for model 'knn' has not been set explicitly, hence returning None.
2024-10-02 08:59:44,238:WARNING:
'xgboost' is a soft dependency and not included in the pycaret installation. Please run: `pip install xgboost` to install.
Alternately, you can install this by running `pip install pycaret[models]`
2024-10-02 08:59:44,238:WARNING:
'catboost' is a soft dependency and not included in the pycaret installation. Please run: `pip install catboost` to install.
Alternately, you can install this by running `pip install pycaret[models]`
2024-10-02 08:59:44,239:INFO:Engine successfully changes for model 'ridge' to 'sklearn'.
2024-10-02 08:59:44,245:INFO:Engine for model 'en' has not been set explicitly, hence returning None.
2024-10-02 08:59:44,284:INFO:Engine for model 'svm' has not been set explicitly, hence returning None.
2024-10-02 08:59:44,313:INFO:Engine for model 'knn' has not been set explicitly, hence returning None.
2024-10-02 08:59:44,313:WARNING:
'xgboost' is a soft dependency and not included in the pycaret installation. Please run: `pip install xgboost` to install.
Alternately, you can install this by running `pip install pycaret[models]`
2024-10-02 08:59:44,313:WARNING:
'catboost' is a soft dependency and not included in the pycaret installation. Please run: `pip install catboost` to install.
Alternately, you can install this by running `pip install pycaret[models]`
2024-10-02 08:59:44,320:INFO:Engine for model 'en' has not been set explicitly, hence returning None.
2024-10-02 08:59:44,357:INFO:Engine for model 'svm' has not been set explicitly, hence returning None.
2024-10-02 08:59:44,386:INFO:Engine for model 'knn' has not been set explicitly, hence returning None.
2024-10-02 08:59:44,387:WARNING:
'xgboost' is a soft dependency and not included in the pycaret installation. Please run: `pip install xgboost` to install.
Alternately, you can install this by running `pip install pycaret[models]`
2024-10-02 08:59:44,387:WARNING:
'catboost' is a soft dependency and not included in the pycaret installation. Please run: `pip install catboost` to install.
Alternately, you can install this by running `pip install pycaret[models]`
2024-10-02 08:59:44,388:INFO:Engine successfully changes for model 'en' to 'sklearn'.
2024-10-02 08:59:44,431:INFO:Engine for model 'svm' has not been set explicitly, hence returning None.
2024-10-02 08:59:44,461:INFO:Engine for model 'knn' has not been set explicitly, hence returning None.
2024-10-02 08:59:44,461:WARNING:
'xgboost' is a soft dependency and not included in the pycaret installation. Please run: `pip install xgboost` to install.
Alternately, you can install this by running `pip install pycaret[models]`
2024-10-02 08:59:44,461:WARNING:
'catboost' is a soft dependency and not included in the pycaret installation. Please run: `pip install catboost` to install.
Alternately, you can install this by running `pip install pycaret[models]`
2024-10-02 08:59:44,506:INFO:Engine for model 'svm' has not been set explicitly, hence returning None.
2024-10-02 08:59:44,534:INFO:Engine for model 'knn' has not been set explicitly, hence returning None.
2024-10-02 08:59:44,534:WARNING:
'xgboost' is a soft dependency and not included in the pycaret installation. Please run: `pip install xgboost` to install.
Alternately, you can install this by running `pip install pycaret[models]`
2024-10-02 08:59:44,534:WARNING:
'catboost' is a soft dependency and not included in the pycaret installation. Please run: `pip install catboost` to install.
Alternately, you can install this by running `pip install pycaret[models]`
2024-10-02 08:59:44,535:INFO:Engine successfully changes for model 'knn' to 'sklearn'.
2024-10-02 08:59:44,579:INFO:Engine for model 'svm' has not been set explicitly, hence returning None.
2024-10-02 08:59:44,612:WARNING:
'xgboost' is a soft dependency and not included in the pycaret installation. Please run: `pip install xgboost` to install.
Alternately, you can install this by running `pip install pycaret[models]`
2024-10-02 08:59:44,613:WARNING:
'catboost' is a soft dependency and not included in the pycaret installation. Please run: `pip install catboost` to install.
Alternately, you can install this by running `pip install pycaret[models]`
2024-10-02 08:59:44,657:INFO:Engine for model 'svm' has not been set explicitly, hence returning None.
2024-10-02 08:59:44,686:WARNING:
'xgboost' is a soft dependency and not included in the pycaret installation. Please run: `pip install xgboost` to install.
Alternately, you can install this by running `pip install pycaret[models]`
2024-10-02 08:59:44,686:WARNING:
'catboost' is a soft dependency and not included in the pycaret installation. Please run: `pip install catboost` to install.
Alternately, you can install this by running `pip install pycaret[models]`
2024-10-02 08:59:44,686:INFO:Engine successfully changes for model 'svm' to 'sklearn'.
2024-10-02 08:59:44,761:WARNING:
'xgboost' is a soft dependency and not included in the pycaret installation. Please run: `pip install xgboost` to install.
Alternately, you can install this by running `pip install pycaret[models]`
2024-10-02 08:59:44,762:WARNING:
'catboost' is a soft dependency and not included in the pycaret installation. Please run: `pip install catboost` to install.
Alternately, you can install this by running `pip install pycaret[models]`
2024-10-02 08:59:44,849:WARNING:
'xgboost' is a soft dependency and not included in the pycaret installation. Please run: `pip install xgboost` to install.
Alternately, you can install this by running `pip install pycaret[models]`
2024-10-02 08:59:44,849:WARNING:
'catboost' is a soft dependency and not included in the pycaret installation. Please run: `pip install catboost` to install.
Alternately, you can install this by running `pip install pycaret[models]`
2024-10-02 08:59:44,862:INFO:Preparing preprocessing pipeline...
2024-10-02 08:59:44,863:INFO:Set up iterative imputation.
2024-10-02 08:59:44,994:WARNING:
'xgboost' is a soft dependency and not included in the pycaret installation. Please run: `pip install xgboost` to install.
Alternately, you can install this by running `pip install pycaret[models]`
2024-10-02 08:59:44,995:WARNING:
'catboost' is a soft dependency and not included in the pycaret installation. Please run: `pip install catboost` to install.
Alternately, you can install this by running `pip install pycaret[models]`
2024-10-02 08:59:45,050:INFO:Engine for model 'rbfsvm' has not been set explicitly, hence returning None.
2024-10-02 08:59:45,080:WARNING:
'xgboost' is a soft dependency and not included in the pycaret installation. Please run: `pip install xgboost` to install.
Alternately, you can install this by running `pip install pycaret[models]`
2024-10-02 08:59:45,080:WARNING:
'catboost' is a soft dependency and not included in the pycaret installation. Please run: `pip install catboost` to install.
Alternately, you can install this by running `pip install pycaret[models]`
2024-10-02 08:59:45,093:INFO:Set up encoding of ordinal features.
2024-10-02 08:59:45,094:INFO:Set up encoding of categorical features.
2024-10-02 08:59:45,297:INFO:Finished creating preprocessing pipeline.
2024-10-02 08:59:45,316:INFO:Pipeline: Pipeline(memory=FastMemory(location=/tmp/joblib),
         steps=[('iterative_imputer',
                 TransformerWrapper(transformer=IterativeImputer(cat_estimator=LGBMClassifier(n_jobs=-1,
                                                                                              random_state=123),
                                                                 cat_estimator_prepare_for_categoricals_type='fit_params_categorical_feature',
                                                                 categorical_indices=[0,
                                                                                      1,
                                                                                      2],
                                                                 max_iter=5,
                                                                 num_estimator=LGBMRegressor(n_jobs=-1,
                                                                                             random_state=1...
                 TransformerWrapper(include=['department'],
                                    transformer=OrdinalEncoder(cols=['department'],
                                                               handle_missing='return_nan',
                                                               mapping=[{'col': 'department',
                                                                         'data_type': dtype('O'),
                                                                         'mapping': finishing    0
sweing       1
NaN         -1
dtype: int64}]))),
                ('onehot_encoding',
                 TransformerWrapper(include=['quarter', 'day'],
                                    transformer=OneHotEncoder(cols=['quarter',
                                                                    'day'],
                                                              handle_missing='return_nan',
                                                              use_cat_names=True)))])
2024-10-02 08:59:45,316:INFO:Creating final display dataframe.
2024-10-02 08:59:45,615:INFO:Setup _display_container:                         Description                Value
0                        Session id                  123
1                            Target  actual_productivity
2                       Target type           Regression
3               Original data shape           (1197, 17)
4            Transformed data shape           (1197, 24)
5       Transformed train set shape            (837, 24)
6        Transformed test set shape            (360, 24)
7                   Ignore features                    2
8                  Numeric features                   11
9              Categorical features                    3
10         Rows with missing values                42.3%
11                       Preprocess                 True
12                  Imputation type            iterative
13  Iterative imputation iterations                    5
14        Numeric iterative imputer             lightgbm
15    Categorical iterative imputer             lightgbm
16         Maximum one-hot encoding                   25
17                  Encoding method                 None
18                   Fold Generator                KFold
19                      Fold Number                   10
20                         CPU Jobs                   -1
21                          Use GPU                False
22                   Log Experiment                False
23                  Experiment Name     reg-default-name
24                              USI                 822d
2024-10-02 08:59:45,709:WARNING:
'xgboost' is a soft dependency and not included in the pycaret installation. Please run: `pip install xgboost` to install.
Alternately, you can install this by running `pip install pycaret[models]`
2024-10-02 08:59:45,710:WARNING:
'catboost' is a soft dependency and not included in the pycaret installation. Please run: `pip install catboost` to install.
Alternately, you can install this by running `pip install pycaret[models]`
2024-10-02 08:59:45,784:WARNING:
'xgboost' is a soft dependency and not included in the pycaret installation. Please run: `pip install xgboost` to install.
Alternately, you can install this by running `pip install pycaret[models]`
2024-10-02 08:59:45,784:WARNING:
'catboost' is a soft dependency and not included in the pycaret installation. Please run: `pip install catboost` to install.
Alternately, you can install this by running `pip install pycaret[models]`
2024-10-02 08:59:45,786:INFO:setup() successfully completed in 1.99s...............
